10:44:51 [INFO] HTTP Request: POST https://api.telegram.org/bot8489499074:AAEbc1ZNVEBprLhPhnoiY0orE4oRmno9UYM/sendMessage "HTTP/1.1 200 OK"
10:44:51 [INFO] Adding job tentatively -- it will be properly scheduled when the scheduler starts
10:44:51 [INFO] Added job "WhaleTrackerBotV2.scan_once" to job store "default"
10:44:51 [INFO] Scheduler started
10:44:51 [INFO] Scheduler va Telegram bot ishga tushdi. Ctrl+C — to'xtatish.
10:44:51 [INFO] Running job "WhaleTrackerBotV2.scan_once (trigger: interval[0:01:00], next run at: 2026-03-30 10:45:51 UTC)" (scheduled at 2026-03-30 10:44:51.753854+00:00)
10:44:51 [INFO] 🔍 Skan #1...
10:44:51 [INFO] Discovery: 30 ta profil topildi.
10:44:52 [INFO] HTTP Request: POST https://api.telegram.org/bot8489499074:AAEbc1ZNVEBprLhPhnoiY0orE4oRmno9UYM/getMe "HTTP/1.1 200 OK"
10:44:52 [INFO] Scheduler started
10:44:52 [INFO] Application started
10:44:52 [INFO] HTTP Request: POST https://api.telegram.org/bot8489499074:AAEbc1ZNVEBprLhPhnoiY0orE4oRmno9UYM/deleteWebhook "HTTP/1.1 200 OK"
10:44:56 [INFO] HTTP Request: POST https://api.telegram.org/bot8489499074:AAEbc1ZNVEBprLhPhnoiY0orE4oRmno9UYM/getUpdates "HTTP/1.1 409 Conflict"
10:44:56 [ERROR] Exception happened while polling for updates.
Traceback (most recent call last):
  File "/home/jules/.pyenv/versions/3.12.13/lib/python3.12/site-packages/telegram/ext/_utils/networkloop.py", line 161, in network_retry_loop
    await do_action()
  File "/home/jules/.pyenv/versions/3.12.13/lib/python3.12/site-packages/telegram/ext/_utils/networkloop.py", line 154, in do_action
    action_cb_task.result()
  File "/home/jules/.pyenv/versions/3.12.13/lib/python3.12/site-packages/telegram/ext/_updater.py", line 340, in polling_action_cb
    updates = await self.bot.get_updates(
              ^^^^^^^^^^^^^^^^^^^^^^^^^^^
  File "/home/jules/.pyenv/versions/3.12.13/lib/python3.12/site-packages/telegram/ext/_extbot.py", line 672, in get_updates
    updates = await super().get_updates(
              ^^^^^^^^^^^^^^^^^^^^^^^^^^
  File "/home/jules/.pyenv/versions/3.12.13/lib/python3.12/site-packages/telegram/_bot.py", line 4865, in get_updates
    await self._post(
  File "/home/jules/.pyenv/versions/3.12.13/lib/python3.12/site-packages/telegram/_bot.py", line 704, in _post
    return await self._do_post(
           ^^^^^^^^^^^^^^^^^^^^
  File "/home/jules/.pyenv/versions/3.12.13/lib/python3.12/site-packages/telegram/ext/_extbot.py", line 370, in _do_post
    return await super()._do_post(
           ^^^^^^^^^^^^^^^^^^^^^^^
  File "/home/jules/.pyenv/versions/3.12.13/lib/python3.12/site-packages/telegram/_bot.py", line 733, in _do_post
    result = await request.post(
             ^^^^^^^^^^^^^^^^^^^
  File "/home/jules/.pyenv/versions/3.12.13/lib/python3.12/site-packages/telegram/request/_baserequest.py", line 198, in post
    result = await self._request_wrapper(
             ^^^^^^^^^^^^^^^^^^^^^^^^^^^^
  File "/home/jules/.pyenv/versions/3.12.13/lib/python3.12/site-packages/telegram/request/_baserequest.py", line 375, in _request_wrapper
    raise exception
telegram.error.Conflict: Conflict: terminated by other getUpdates request; make sure that only one bot instance is running
10:44:58 [INFO] HTTP Request: POST https://api.telegram.org/bot8489499074:AAEbc1ZNVEBprLhPhnoiY0orE4oRmno9UYM/sendMessage "HTTP/1.1 400 Bad Request"
10:44:58 [ERROR] Telegram yuborish xatosi: Can't parse entities: character '|' is reserved and must be escaped with the preceding '\'
10:44:58 [INFO] [32m✅[0m ☠️ inokumi [RUG_ALERT] Ishonchlilik: 85/100
10:45:00 [INFO] ✅ Skan tugadi | Snaps: 52 | Signallar: 1 | Jami: 1
10:45:00 [INFO] Job "WhaleTrackerBotV2.scan_once (trigger: interval[0:01:00], next run at: 2026-03-30 10:45:51 UTC)" executed successfully
10:45:02 [INFO] HTTP Request: POST https://api.telegram.org/bot8489499074:AAEbc1ZNVEBprLhPhnoiY0orE4oRmno9UYM/getUpdates "HTTP/1.1 409 Conflict"
10:45:02 [ERROR] Exception happened while polling for updates.
Traceback (most recent call last):
  File "/home/jules/.pyenv/versions/3.12.13/lib/python3.12/site-packages/telegram/ext/_utils/networkloop.py", line 161, in network_retry_loop
    await do_action()
  File "/home/jules/.pyenv/versions/3.12.13/lib/python3.12/site-packages/telegram/ext/_utils/networkloop.py", line 154, in do_action
    action_cb_task.result()
  File "/home/jules/.pyenv/versions/3.12.13/lib/python3.12/site-packages/telegram/ext/_updater.py", line 340, in polling_action_cb
    updates = await self.bot.get_updates(
              ^^^^^^^^^^^^^^^^^^^^^^^^^^^
  File "/home/jules/.pyenv/versions/3.12.13/lib/python3.12/site-packages/telegram/ext/_extbot.py", line 672, in get_updates
    updates = await super().get_updates(
              ^^^^^^^^^^^^^^^^^^^^^^^^^^
  File "/home/jules/.pyenv/versions/3.12.13/lib/python3.12/site-packages/telegram/_bot.py", line 4865, in get_updates
    await self._post(
  File "/home/jules/.pyenv/versions/3.12.13/lib/python3.12/site-packages/telegram/_bot.py", line 704, in _post
    return await self._do_post(
           ^^^^^^^^^^^^^^^^^^^^
  File "/home/jules/.pyenv/versions/3.12.13/lib/python3.12/site-packages/telegram/ext/_extbot.py", line 370, in _do_post
    return await super()._do_post(
           ^^^^^^^^^^^^^^^^^^^^^^^
  File "/home/jules/.pyenv/versions/3.12.13/lib/python3.12/site-packages/telegram/_bot.py", line 733, in _do_post
    result = await request.post(
             ^^^^^^^^^^^^^^^^^^^
  File "/home/jules/.pyenv/versions/3.12.13/lib/python3.12/site-packages/telegram/request/_baserequest.py", line 198, in post
    result = await self._request_wrapper(
             ^^^^^^^^^^^^^^^^^^^^^^^^^^^^
  File "/home/jules/.pyenv/versions/3.12.13/lib/python3.12/site-packages/telegram/request/_baserequest.py", line 375, in _request_wrapper
    raise exception
telegram.error.Conflict: Conflict: terminated by other getUpdates request; make sure that only one bot instance is running
10:45:09 [INFO] HTTP Request: POST https://api.telegram.org/bot8489499074:AAEbc1ZNVEBprLhPhnoiY0orE4oRmno9UYM/getUpdates "HTTP/1.1 409 Conflict"
10:45:09 [ERROR] Exception happened while polling for updates.
Traceback (most recent call last):
  File "/home/jules/.pyenv/versions/3.12.13/lib/python3.12/site-packages/telegram/ext/_utils/networkloop.py", line 161, in network_retry_loop
    await do_action()
  File "/home/jules/.pyenv/versions/3.12.13/lib/python3.12/site-packages/telegram/ext/_utils/networkloop.py", line 154, in do_action
    action_cb_task.result()
  File "/home/jules/.pyenv/versions/3.12.13/lib/python3.12/site-packages/telegram/ext/_updater.py", line 340, in polling_action_cb
    updates = await self.bot.get_updates(
              ^^^^^^^^^^^^^^^^^^^^^^^^^^^
  File "/home/jules/.pyenv/versions/3.12.13/lib/python3.12/site-packages/telegram/ext/_extbot.py", line 672, in get_updates
    updates = await super().get_updates(
              ^^^^^^^^^^^^^^^^^^^^^^^^^^
  File "/home/jules/.pyenv/versions/3.12.13/lib/python3.12/site-packages/telegram/_bot.py", line 4865, in get_updates
    await self._post(
  File "/home/jules/.pyenv/versions/3.12.13/lib/python3.12/site-packages/telegram/_bot.py", line 704, in _post
    return await self._do_post(
           ^^^^^^^^^^^^^^^^^^^^
  File "/home/jules/.pyenv/versions/3.12.13/lib/python3.12/site-packages/telegram/ext/_extbot.py", line 370, in _do_post
    return await super()._do_post(
           ^^^^^^^^^^^^^^^^^^^^^^^
  File "/home/jules/.pyenv/versions/3.12.13/lib/python3.12/site-packages/telegram/_bot.py", line 733, in _do_post
    result = await request.post(
             ^^^^^^^^^^^^^^^^^^^
  File "/home/jules/.pyenv/versions/3.12.13/lib/python3.12/site-packages/telegram/request/_baserequest.py", line 198, in post
    result = await self._request_wrapper(
             ^^^^^^^^^^^^^^^^^^^^^^^^^^^^
  File "/home/jules/.pyenv/versions/3.12.13/lib/python3.12/site-packages/telegram/request/_baserequest.py", line 375, in _request_wrapper
    raise exception
telegram.error.Conflict: Conflict: terminated by other getUpdates request; make sure that only one bot instance is running
10:45:15 [INFO] HTTP Request: POST https://api.telegram.org/bot8489499074:AAEbc1ZNVEBprLhPhnoiY0orE4oRmno9UYM/getUpdates "HTTP/1.1 409 Conflict"
10:45:15 [ERROR] Exception happened while polling for updates.
Traceback (most recent call last):
  File "/home/jules/.pyenv/versions/3.12.13/lib/python3.12/site-packages/telegram/ext/_utils/networkloop.py", line 161, in network_retry_loop
    await do_action()
  File "/home/jules/.pyenv/versions/3.12.13/lib/python3.12/site-packages/telegram/ext/_utils/networkloop.py", line 154, in do_action
    action_cb_task.result()
  File "/home/jules/.pyenv/versions/3.12.13/lib/python3.12/site-packages/telegram/ext/_updater.py", line 340, in polling_action_cb
    updates = await self.bot.get_updates(
              ^^^^^^^^^^^^^^^^^^^^^^^^^^^
  File "/home/jules/.pyenv/versions/3.12.13/lib/python3.12/site-packages/telegram/ext/_extbot.py", line 672, in get_updates
    updates = await super().get_updates(
              ^^^^^^^^^^^^^^^^^^^^^^^^^^
  File "/home/jules/.pyenv/versions/3.12.13/lib/python3.12/site-packages/telegram/_bot.py", line 4865, in get_updates
    await self._post(
  File "/home/jules/.pyenv/versions/3.12.13/lib/python3.12/site-packages/telegram/_bot.py", line 704, in _post
    return await self._do_post(
           ^^^^^^^^^^^^^^^^^^^^
  File "/home/jules/.pyenv/versions/3.12.13/lib/python3.12/site-packages/telegram/ext/_extbot.py", line 370, in _do_post
    return await super()._do_post(
           ^^^^^^^^^^^^^^^^^^^^^^^
  File "/home/jules/.pyenv/versions/3.12.13/lib/python3.12/site-packages/telegram/_bot.py", line 733, in _do_post
    result = await request.post(
             ^^^^^^^^^^^^^^^^^^^
  File "/home/jules/.pyenv/versions/3.12.13/lib/python3.12/site-packages/telegram/request/_baserequest.py", line 198, in post
    result = await self._request_wrapper(
             ^^^^^^^^^^^^^^^^^^^^^^^^^^^^
  File "/home/jules/.pyenv/versions/3.12.13/lib/python3.12/site-packages/telegram/request/_baserequest.py", line 375, in _request_wrapper
    raise exception
telegram.error.Conflict: Conflict: terminated by other getUpdates request; make sure that only one bot instance is running
10:45:24 [INFO] HTTP Request: POST https://api.telegram.org/bot8489499074:AAEbc1ZNVEBprLhPhnoiY0orE4oRmno9UYM/getUpdates "HTTP/1.1 409 Conflict"
10:45:24 [ERROR] Exception happened while polling for updates.
Traceback (most recent call last):
  File "/home/jules/.pyenv/versions/3.12.13/lib/python3.12/site-packages/telegram/ext/_utils/networkloop.py", line 161, in network_retry_loop
    await do_action()
  File "/home/jules/.pyenv/versions/3.12.13/lib/python3.12/site-packages/telegram/ext/_utils/networkloop.py", line 154, in do_action
    action_cb_task.result()
  File "/home/jules/.pyenv/versions/3.12.13/lib/python3.12/site-packages/telegram/ext/_updater.py", line 340, in polling_action_cb
    updates = await self.bot.get_updates(
              ^^^^^^^^^^^^^^^^^^^^^^^^^^^
  File "/home/jules/.pyenv/versions/3.12.13/lib/python3.12/site-packages/telegram/ext/_extbot.py", line 672, in get_updates
    updates = await super().get_updates(
              ^^^^^^^^^^^^^^^^^^^^^^^^^^
  File "/home/jules/.pyenv/versions/3.12.13/lib/python3.12/site-packages/telegram/_bot.py", line 4865, in get_updates
    await self._post(
  File "/home/jules/.pyenv/versions/3.12.13/lib/python3.12/site-packages/telegram/_bot.py", line 704, in _post
    return await self._do_post(
           ^^^^^^^^^^^^^^^^^^^^
  File "/home/jules/.pyenv/versions/3.12.13/lib/python3.12/site-packages/telegram/ext/_extbot.py", line 370, in _do_post
    return await super()._do_post(
           ^^^^^^^^^^^^^^^^^^^^^^^
  File "/home/jules/.pyenv/versions/3.12.13/lib/python3.12/site-packages/telegram/_bot.py", line 733, in _do_post
    result = await request.post(
             ^^^^^^^^^^^^^^^^^^^
  File "/home/jules/.pyenv/versions/3.12.13/lib/python3.12/site-packages/telegram/request/_baserequest.py", line 198, in post
    result = await self._request_wrapper(
             ^^^^^^^^^^^^^^^^^^^^^^^^^^^^
  File "/home/jules/.pyenv/versions/3.12.13/lib/python3.12/site-packages/telegram/request/_baserequest.py", line 375, in _request_wrapper
    raise exception
telegram.error.Conflict: Conflict: terminated by other getUpdates request; make sure that only one bot instance is running
10:45:39 [INFO] HTTP Request: POST https://api.telegram.org/bot8489499074:AAEbc1ZNVEBprLhPhnoiY0orE4oRmno9UYM/sendMessage "HTTP/1.1 200 OK"
10:45:39 [INFO] Adding job tentatively -- it will be properly scheduled when the scheduler starts
10:45:39 [INFO] Added job "WhaleTrackerBotV2.scan_once" to job store "default"
10:45:39 [INFO] Scheduler started
10:45:39 [INFO] Scheduler va Telegram bot ishga tushdi. Ctrl+C — to'xtatish.
10:45:39 [INFO] Running job "WhaleTrackerBotV2.scan_once (trigger: interval[0:01:00], next run at: 2026-03-30 10:46:39 UTC)" (scheduled at 2026-03-30 10:45:39.383365+00:00)
10:45:39 [INFO] 🔍 Skan #1...
10:45:39 [INFO] Discovery: 30 ta profil topildi.
10:45:39 [INFO] HTTP Request: POST https://api.telegram.org/bot8489499074:AAEbc1ZNVEBprLhPhnoiY0orE4oRmno9UYM/getMe "HTTP/1.1 200 OK"
10:45:39 [INFO] Scheduler started
10:45:39 [INFO] Application started
10:45:39 [INFO] HTTP Request: POST https://api.telegram.org/bot8489499074:AAEbc1ZNVEBprLhPhnoiY0orE4oRmno9UYM/deleteWebhook "HTTP/1.1 200 OK"
10:45:46 [INFO] HTTP Request: POST https://api.telegram.org/bot8489499074:AAEbc1ZNVEBprLhPhnoiY0orE4oRmno9UYM/sendMessage "HTTP/1.1 200 OK"
10:45:46 [INFO] [32m✅[0m ☠️ inokumi [RUG_ALERT] Ishonchlilik: 85/100
10:45:47 [INFO] ✅ Skan tugadi | Snaps: 52 | Signallar: 1 | Jami: 1
10:45:47 [INFO] Job "WhaleTrackerBotV2.scan_once (trigger: interval[0:01:00], next run at: 2026-03-30 10:46:39 UTC)" executed successfully
10:45:50 [INFO] HTTP Request: POST https://api.telegram.org/bot8489499074:AAEbc1ZNVEBprLhPhnoiY0orE4oRmno9UYM/getUpdates "HTTP/1.1 200 OK"
10:46:00 [INFO] HTTP Request: POST https://api.telegram.org/bot8489499074:AAEbc1ZNVEBprLhPhnoiY0orE4oRmno9UYM/getUpdates "HTTP/1.1 200 OK"
10:46:10 [INFO] HTTP Request: POST https://api.telegram.org/bot8489499074:AAEbc1ZNVEBprLhPhnoiY0orE4oRmno9UYM/getUpdates "HTTP/1.1 200 OK"
10:46:20 [INFO] HTTP Request: POST https://api.telegram.org/bot8489499074:AAEbc1ZNVEBprLhPhnoiY0orE4oRmno9UYM/getUpdates "HTTP/1.1 200 OK"
10:46:30 [INFO] HTTP Request: POST https://api.telegram.org/bot8489499074:AAEbc1ZNVEBprLhPhnoiY0orE4oRmno9UYM/getUpdates "HTTP/1.1 200 OK"
10:46:39 [INFO] Running job "WhaleTrackerBotV2.scan_once (trigger: interval[0:01:00], next run at: 2026-03-30 10:47:39 UTC)" (scheduled at 2026-03-30 10:46:39.383365+00:00)
10:46:39 [INFO] 🔍 Skan #2...
10:46:39 [INFO] Discovery: 30 ta profil topildi.
10:46:40 [INFO] HTTP Request: POST https://api.telegram.org/bot8489499074:AAEbc1ZNVEBprLhPhnoiY0orE4oRmno9UYM/getUpdates "HTTP/1.1 200 OK"
10:46:46 [INFO] ✅ Skan tugadi | Snaps: 56 | Signallar: 0 | Jami: 1
10:46:46 [INFO] Job "WhaleTrackerBotV2.scan_once (trigger: interval[0:01:00], next run at: 2026-03-30 10:47:39 UTC)" executed successfully
10:46:50 [INFO] HTTP Request: POST https://api.telegram.org/bot8489499074:AAEbc1ZNVEBprLhPhnoiY0orE4oRmno9UYM/getUpdates "HTTP/1.1 200 OK"
10:47:01 [INFO] HTTP Request: POST https://api.telegram.org/bot8489499074:AAEbc1ZNVEBprLhPhnoiY0orE4oRmno9UYM/getUpdates "HTTP/1.1 200 OK"
10:47:11 [INFO] HTTP Request: POST https://api.telegram.org/bot8489499074:AAEbc1ZNVEBprLhPhnoiY0orE4oRmno9UYM/getUpdates "HTTP/1.1 200 OK"
10:47:21 [INFO] HTTP Request: POST https://api.telegram.org/bot8489499074:AAEbc1ZNVEBprLhPhnoiY0orE4oRmno9UYM/getUpdates "HTTP/1.1 200 OK"
